[2022-06-22T22:36:53.439] [DEBUG] cheese - login => username:admin,password:123456
[2022-06-22T22:36:53.443] [DEBUG] cheese - admin
[2022-06-22T22:36:53.460] [DEBUG] cheese - null
[2022-06-22T22:36:53.461] [DEBUG] cheese - null
[2022-06-22T22:38:48.080] [DEBUG] cheese - login => username:admin,password:123456
[2022-06-22T22:38:48.080] [DEBUG] cheese - admin
[2022-06-22T22:38:48.086] [DEBUG] cheese - null
[2022-06-22T22:38:48.086] [DEBUG] cheese - null
[2022-06-22T22:45:35.672] [DEBUG] cheese - login => username:admin,password:123456
[2022-06-22T22:45:35.675] [DEBUG] cheese - admin
[2022-06-22T22:45:35.726] [DEBUG] cheese - null
[2022-06-22T22:45:35.727] [DEBUG] cheese - null
[2022-06-22T22:48:48.689] [DEBUG] cheese - login => username:admin,password:123456
[2022-06-22T22:48:48.689] [DEBUG] cheese - admin
[2022-06-22T22:48:48.693] [DEBUG] cheese - null
[2022-06-22T22:48:48.693] [DEBUG] cheese - null
[2022-06-22T23:07:03.264] [DEBUG] cheese - login => username:admin,password:123456
[2022-06-22T23:07:03.265] [DEBUG] cheese - admin
[2022-06-22T23:07:03.269] [DEBUG] cheese - null
[2022-06-22T23:07:03.270] [DEBUG] cheese - null
[2022-06-23T22:05:54.854] [DEBUG] cheese - login => username:admin,password:123456
[2022-06-23T22:05:54.858] [DEBUG] cheese - admin
[2022-06-23T22:05:54.896] [DEBUG] cheese - null
[2022-06-23T22:05:54.897] [DEBUG] cheese - null
[2022-06-25T11:14:40.824] [DEBUG] cheese - login => username:admin,password:123456
[2022-06-25T11:14:40.825] [DEBUG] cheese - admin
[2022-06-25T11:14:40.894] [DEBUG] cheese - null
[2022-06-25T11:14:40.895] [DEBUG] cheese - null
[2022-06-27T22:12:42.298] [DEBUG] cheese - login => username:sss,password:sss
[2022-06-27T22:12:42.304] [DEBUG] cheese - sss
[2022-06-27T22:12:42.347] [DEBUG] cheese - null
[2022-06-27T22:12:42.348] [DEBUG] cheese - null
[2022-06-27T22:16:55.456] [DEBUG] cheese - login => username:sdsd,password:sdsd
[2022-06-27T22:16:55.456] [DEBUG] cheese - sdsd
[2022-06-27T22:16:55.465] [DEBUG] cheese - null
[2022-06-27T22:16:55.465] [DEBUG] cheese - null
[2022-06-27T22:23:58.760] [DEBUG] cheese - login => username:aaaa,password:aaa
[2022-06-27T22:23:58.762] [DEBUG] cheese - aaaa
[2022-06-27T22:23:58.778] [DEBUG] cheese - null
[2022-06-27T22:23:58.779] [DEBUG] cheese - null
[2022-06-27T22:25:50.799] [DEBUG] cheese - login => username:cada,password:ss
[2022-06-27T22:25:50.799] [DEBUG] cheese - cada
[2022-06-27T22:25:50.804] [DEBUG] cheese - null
[2022-06-27T22:25:50.804] [DEBUG] cheese - null
[2022-06-27T22:26:11.054] [DEBUG] cheese - login => username:sdsad,password:asdsad
[2022-06-27T22:26:11.055] [DEBUG] cheese - sdsad
[2022-06-27T22:26:11.059] [DEBUG] cheese - null
[2022-06-27T22:26:11.060] [DEBUG] cheese - null
[2022-06-27T22:26:40.973] [DEBUG] cheese - login => username:wq,password:qwq
[2022-06-27T22:26:40.974] [DEBUG] cheese - wq
[2022-06-27T22:26:40.977] [DEBUG] cheese - null
[2022-06-27T22:26:40.977] [DEBUG] cheese - null
[2022-06-30T22:35:04.438] [DEBUG] cheese - login => username:admin,password:123456
[2022-06-30T22:35:04.440] [DEBUG] cheese - admin
[2022-06-30T22:35:04.539] [DEBUG] cheese - null
[2022-06-30T22:35:04.539] [DEBUG] cheese - null
[2022-06-30T22:35:19.008] [DEBUG] cheese - login => username:admin,password:1234562
[2022-06-30T22:35:19.009] [DEBUG] cheese - admin
[2022-06-30T22:35:19.013] [DEBUG] cheese - null
[2022-06-30T22:35:19.013] [DEBUG] cheese - null
[2022-06-30T22:35:44.275] [DEBUG] cheese - login => username:admin,password:123
[2022-06-30T22:35:44.275] [DEBUG] cheese - admin
[2022-06-30T22:35:44.282] [DEBUG] cheese - null
[2022-06-30T22:35:44.283] [DEBUG] cheese - null
[2022-06-30T22:37:59.541] [DEBUG] cheese - login => username:www,password:wwww
[2022-06-30T22:37:59.541] [DEBUG] cheese - www
[2022-06-30T22:37:59.552] [DEBUG] cheese - null
[2022-06-30T22:37:59.552] [DEBUG] cheese - null
[2022-06-30T22:40:56.628] [DEBUG] cheese - login => username:sdsds,password:sdsd
[2022-06-30T22:40:56.628] [DEBUG] cheese - sdsds
[2022-06-30T22:40:56.640] [DEBUG] cheese - null
[2022-06-30T22:40:56.640] [DEBUG] cheese - null
[2022-06-30T22:41:16.025] [DEBUG] cheese - login => username:qwqw,password:qwqw
[2022-06-30T22:41:16.025] [DEBUG] cheese - qwqw
[2022-06-30T22:41:16.029] [DEBUG] cheese - null
[2022-06-30T22:41:16.030] [DEBUG] cheese - null
[2022-06-30T22:41:31.012] [DEBUG] cheese - login => username:admin,password:1234567
[2022-06-30T22:41:31.013] [DEBUG] cheese - admin
[2022-06-30T22:41:31.021] [DEBUG] cheese - null
[2022-06-30T22:41:31.021] [DEBUG] cheese - null
[2022-06-30T22:41:40.505] [DEBUG] cheese - login => username:admin,password:123456
[2022-06-30T22:41:40.505] [DEBUG] cheese - admin
[2022-06-30T22:41:40.511] [DEBUG] cheese - null
[2022-06-30T22:41:40.512] [DEBUG] cheese - null
[2022-06-30T22:41:42.326] [DEBUG] cheese - login => username:admin,password:123456
[2022-06-30T22:41:42.327] [DEBUG] cheese - admin
[2022-06-30T22:41:42.331] [DEBUG] cheese - null
[2022-06-30T22:41:42.331] [DEBUG] cheese - null
[2022-06-30T22:43:07.105] [DEBUG] cheese - login => username:admin,password:123456
[2022-06-30T22:43:07.106] [DEBUG] cheese - admin
[2022-06-30T22:43:07.118] [DEBUG] cheese - null
[2022-06-30T22:43:07.118] [DEBUG] cheese - null
[2022-06-30T22:53:52.330] [DEBUG] cheese - login => username:admin,password:123456
[2022-06-30T22:53:52.330] [DEBUG] cheese - admin
[2022-06-30T22:53:52.343] [DEBUG] cheese - null
[2022-06-30T22:53:52.344] [DEBUG] cheese - null
[2022-06-30T22:54:23.825] [DEBUG] cheese - login => username:admin,password:123456
[2022-06-30T22:54:23.825] [DEBUG] cheese - admin
[2022-06-30T22:54:23.834] [DEBUG] cheese - null
[2022-06-30T22:54:23.834] [DEBUG] cheese - null
[2022-07-01T23:33:49.560] [DEBUG] cheese - login => username:admin,password:123456
[2022-07-01T23:33:49.561] [DEBUG] cheese - admin
[2022-07-01T23:33:49.596] [DEBUG] cheese - null
[2022-07-01T23:33:49.596] [DEBUG] cheese - null
[2022-07-01T23:35:49.216] [DEBUG] cheese - login => username:admin,password:123456
[2022-07-01T23:35:49.217] [DEBUG] cheese - admin
[2022-07-01T23:35:49.256] [DEBUG] cheese - null
[2022-07-01T23:35:49.256] [DEBUG] cheese - null
[2022-07-01T23:36:19.896] [DEBUG] cheese - login => username:admin,password:123456
[2022-07-01T23:36:19.896] [DEBUG] cheese - admin
[2022-07-01T23:36:19.901] [DEBUG] cheese - null
[2022-07-01T23:36:19.901] [DEBUG] cheese - null
[2023-02-18T23:38:39.634] [DEBUG] cheese - login => username:admin,password:123456
[2023-02-18T23:38:39.635] [DEBUG] cheese - admin
[2023-02-18T23:38:39.698] [DEBUG] cheese - null
[2023-02-18T23:38:39.699] [DEBUG] cheese - null
[2023-02-18T23:40:13.249] [DEBUG] cheese - login => username:admin,password:123456
[2023-02-18T23:40:13.249] [DEBUG] cheese - admin
[2023-02-18T23:40:13.253] [DEBUG] cheese - null
[2023-02-18T23:40:13.253] [DEBUG] cheese - null
[2023-02-18T23:42:00.882] [DEBUG] cheese - login => username:admin,password:123456
[2023-02-18T23:42:00.882] [DEBUG] cheese - admin
[2023-02-18T23:42:00.884] [DEBUG] cheese - null
[2023-02-18T23:42:00.884] [DEBUG] cheese - null
[2023-02-18T23:42:03.298] [DEBUG] cheese - login => username:admin,password:123456
[2023-02-18T23:42:03.299] [DEBUG] cheese - admin
[2023-02-18T23:42:03.301] [DEBUG] cheese - null
[2023-02-18T23:42:03.301] [DEBUG] cheese - null
[2023-02-18T23:42:26.490] [DEBUG] cheese - login => username:admin,password:123456
[2023-02-18T23:42:26.490] [DEBUG] cheese - admin
[2023-02-18T23:42:26.493] [DEBUG] cheese - null
[2023-02-18T23:42:26.493] [DEBUG] cheese - null
[2023-02-18T23:43:18.055] [DEBUG] cheese - login => username:admin,password:123456
[2023-02-18T23:43:18.055] [DEBUG] cheese - admin
[2023-02-18T23:43:18.058] [DEBUG] cheese - null
[2023-02-18T23:43:18.058] [DEBUG] cheese - null
[2023-02-18T23:43:49.703] [DEBUG] cheese - login => username:admin,password:123456
[2023-02-18T23:43:49.703] [DEBUG] cheese - admin
[2023-02-18T23:43:49.705] [DEBUG] cheese - null
[2023-02-18T23:43:49.705] [DEBUG] cheese - null
[2023-02-18T23:45:27.727] [DEBUG] cheese - login => username:admin,password:123456
[2023-02-18T23:45:27.728] [DEBUG] cheese - admin
[2023-02-18T23:45:27.730] [DEBUG] cheese - null
[2023-02-18T23:45:27.730] [DEBUG] cheese - null
[2023-02-18T23:46:25.879] [DEBUG] cheese - login => username:admin,password:123456
[2023-02-18T23:46:25.879] [DEBUG] cheese - admin
[2023-02-18T23:46:25.882] [DEBUG] cheese - null
[2023-02-18T23:46:25.882] [DEBUG] cheese - null
[2023-02-18T23:48:56.662] [DEBUG] cheese - login => username:admin,password:123456
[2023-02-18T23:48:56.663] [DEBUG] cheese - admin
[2023-02-18T23:48:56.669] [DEBUG] cheese - null
[2023-02-18T23:48:56.669] [DEBUG] cheese - null
[2023-02-23T13:07:58.000] [DEBUG] cheese - login => username:admin,password:123456
[2023-02-23T13:07:58.001] [DEBUG] cheese - admin
[2023-02-23T13:07:58.037] [DEBUG] cheese - null
[2023-02-23T13:07:58.038] [DEBUG] cheese - null
[2023-02-23T13:08:10.510] [DEBUG] cheese - login => username:admin,password:123456
[2023-02-23T13:08:10.510] [DEBUG] cheese - admin
[2023-02-23T13:08:10.514] [DEBUG] cheese - null
[2023-02-23T13:08:10.514] [DEBUG] cheese - null
[2023-02-23T13:09:39.365] [DEBUG] cheese - login => username:admin,password:123456
[2023-02-23T13:09:39.365] [DEBUG] cheese - admin
[2023-02-23T13:09:39.368] [DEBUG] cheese - null
[2023-02-23T13:09:39.369] [DEBUG] cheese - null
[2023-02-23T13:09:57.821] [DEBUG] cheese - login => username:admin,password:123456
[2023-02-23T13:09:57.821] [DEBUG] cheese - admin
[2023-02-23T13:09:57.823] [DEBUG] cheese - null
[2023-02-23T13:09:57.824] [DEBUG] cheese - null
[2023-02-23T13:10:24.508] [DEBUG] cheese - login => username:admin,password:123456
[2023-02-23T13:10:24.508] [DEBUG] cheese - admin
[2023-02-23T13:10:24.512] [DEBUG] cheese - null
[2023-02-23T13:10:24.512] [DEBUG] cheese - null
[2023-02-23T13:10:25.560] [DEBUG] cheese - login => username:admin,password:123456
[2023-02-23T13:10:25.560] [DEBUG] cheese - admin
[2023-02-23T13:10:25.562] [DEBUG] cheese - null
[2023-02-23T13:10:25.562] [DEBUG] cheese - null
[2023-02-23T13:13:33.788] [DEBUG] cheese - login => username:admin,password:123456
[2023-02-23T13:13:33.789] [DEBUG] cheese - admin
[2023-02-23T13:13:33.794] [DEBUG] cheese - null
[2023-02-23T13:13:33.794] [DEBUG] cheese - null
[2023-02-23T13:13:52.131] [DEBUG] cheese - login => username:admin,password:1234567
[2023-02-23T13:13:52.131] [DEBUG] cheese - admin
[2023-02-23T13:13:52.134] [DEBUG] cheese - null
[2023-02-23T13:13:52.134] [DEBUG] cheese - null
[2023-02-23T13:17:37.358] [DEBUG] cheese - login => username:admin,password:123456
[2023-02-23T13:17:37.358] [DEBUG] cheese - admin
[2023-02-23T13:17:37.364] [DEBUG] cheese - null
[2023-02-23T13:17:37.364] [DEBUG] cheese - null
[2023-02-23T13:17:42.908] [DEBUG] cheese - login => username:admin,password:123456444
[2023-02-23T13:17:42.909] [DEBUG] cheese - admin
[2023-02-23T13:17:42.911] [DEBUG] cheese - null
[2023-02-23T13:17:42.911] [DEBUG] cheese - null
[2023-02-23T14:49:26.110] [DEBUG] cheese - login => username:admin,password:123456
[2023-02-23T14:49:26.111] [DEBUG] cheese - admin
[2023-02-23T14:49:26.127] [DEBUG] cheese - null
[2023-02-23T14:49:26.128] [DEBUG] cheese - null
[2023-02-23T15:04:17.987] [DEBUG] cheese - login => username:admin,password:123456
[2023-02-23T15:04:17.987] [DEBUG] cheese - admin
[2023-02-23T15:04:17.991] [DEBUG] cheese - null
[2023-02-23T15:04:17.991] [DEBUG] cheese - null
[2023-02-23T15:11:40.764] [DEBUG] cheese - login => username:admin,password:123456
[2023-02-23T15:11:40.764] [DEBUG] cheese - admin
[2023-02-23T15:11:40.769] [DEBUG] cheese - null
[2023-02-23T15:11:40.769] [DEBUG] cheese - null
[2023-02-23T17:41:12.139] [DEBUG] cheese - login => username:admin,password:123456
[2023-02-23T17:41:12.140] [DEBUG] cheese - admin
[2023-02-23T17:41:12.159] [DEBUG] cheese - null
[2023-02-23T17:41:12.160] [DEBUG] cheese - null
[2023-02-23T17:45:52.928] [DEBUG] cheese - login => username:admin,password:123456
[2023-02-23T17:45:52.929] [DEBUG] cheese - admin
[2023-02-23T17:45:52.932] [DEBUG] cheese - null
[2023-02-23T17:45:52.933] [DEBUG] cheese - null
[2023-02-23T17:51:43.479] [DEBUG] cheese - login => username:admin,password:123456
[2023-02-23T17:51:43.479] [DEBUG] cheese - admin
[2023-02-23T17:51:43.484] [DEBUG] cheese - null
[2023-02-23T17:51:43.484] [DEBUG] cheese - null
[2023-02-23T17:51:55.527] [DEBUG] cheese - login => username:admin,password:123456
[2023-02-23T17:51:55.527] [DEBUG] cheese - admin
[2023-02-23T17:51:55.530] [DEBUG] cheese - null
[2023-02-23T17:51:55.530] [DEBUG] cheese - null
[2023-02-23T17:52:46.591] [DEBUG] cheese - login => username:admin,password:123456
[2023-02-23T17:52:46.591] [DEBUG] cheese - admin
[2023-02-23T17:52:46.593] [DEBUG] cheese - null
[2023-02-23T17:52:46.593] [DEBUG] cheese - null
[2023-02-23T17:52:54.566] [DEBUG] cheese - login => username:admin,password:123456
[2023-02-23T17:52:54.566] [DEBUG] cheese - admin
[2023-02-23T17:52:54.568] [DEBUG] cheese - null
[2023-02-23T17:52:54.568] [DEBUG] cheese - null
[2023-02-23T17:53:01.669] [DEBUG] cheese - login => username:admin,password:123456
[2023-02-23T17:53:01.669] [DEBUG] cheese - admin
[2023-02-23T17:53:01.671] [DEBUG] cheese - null
[2023-02-23T17:53:01.671] [DEBUG] cheese - null
[2023-02-23T17:53:24.759] [DEBUG] cheese - login => username:admin,password:123456
[2023-02-23T17:53:24.759] [DEBUG] cheese - admin
[2023-02-23T17:53:24.761] [DEBUG] cheese - null
[2023-02-23T17:53:24.761] [DEBUG] cheese - null
[2023-02-23T17:53:33.967] [DEBUG] cheese - login => username:admin,password:123456
[2023-02-23T17:53:33.967] [DEBUG] cheese - admin
[2023-02-23T17:53:33.970] [DEBUG] cheese - null
[2023-02-23T17:53:33.970] [DEBUG] cheese - null
[2023-02-23T18:13:36.933] [DEBUG] cheese - login => username:admin,password:123456
[2023-02-23T18:13:36.933] [DEBUG] cheese - admin
[2023-02-23T18:13:36.936] [DEBUG] cheese - null
[2023-02-23T18:13:36.936] [DEBUG] cheese - null
[2023-02-23T18:13:56.581] [DEBUG] cheese - login => username:admin,password:123456
[2023-02-23T18:13:56.581] [DEBUG] cheese - admin
[2023-02-23T18:13:56.583] [DEBUG] cheese - null
[2023-02-23T18:13:56.583] [DEBUG] cheese - null
